<?xml version="1.0" encoding="UTF-8"?>
<testsuite name="com.fiftyfive.cargo.handlers.MobileAppTracking.MobileAppTrackingHandlerTest" tests="7" skipped="0" failures="0" errors="0" timestamp="2015-11-05T16:59:26" hostname="MacBook-Pro-de-louis.local" time="1.144">
  <properties/>
  <testcase name="testInitWithAllParameters" classname="com.fiftyfive.cargo.handlers.MobileAppTracking.MobileAppTrackingHandlerTest" time="0.364"/>
  <testcase name="testInitWithWrongParameters" classname="com.fiftyfive.cargo.handlers.MobileAppTracking.MobileAppTrackingHandlerTest" time="0.013"/>
  <testcase name="testUserGoogleIdWithInt" classname="com.fiftyfive.cargo.handlers.MobileAppTracking.MobileAppTrackingHandlerTest" time="0.633"/>
  <testcase name="testUserGoogleIdWithString" classname="com.fiftyfive.cargo.handlers.MobileAppTracking.MobileAppTrackingHandlerTest" time="0.02"/>
  <testcase name="testIdentifyMissingKey" classname="com.fiftyfive.cargo.handlers.MobileAppTracking.MobileAppTrackingHandlerTest" time="0.017"/>
  <testcase name="testScreenName" classname="com.fiftyfive.cargo.handlers.MobileAppTracking.MobileAppTrackingHandlerTest" time="0.041"/>
  <testcase name="testTransaction" classname="com.fiftyfive.cargo.handlers.MobileAppTracking.MobileAppTrackingHandlerTest" time="0.02"/>
  <system-out><![CDATA[]]></system-out>
  <system-err><![CDATA[]]></system-err>
</testsuite>
